<?xml version="1.0" encoding="UTF-8"?>
<!-- Generated by org.testng.reporters.JUnitXMLReporter -->
<testsuite hostname="DESKTOP-DIKF5R3" ignored="0" name="ChromeTest" tests="1" failures="0" timestamp="2023-03-18T12:21:14 IST" time="0.322" errors="0">
  <testcase name="@BeforeTest launchBrowser" time="0.12" classname="testpkg.FinalTestClass">
    <failure type="java.lang.NoClassDefFoundError" message="freemarker/template/TemplateModelException">
      <![CDATA[java.lang.NoClassDefFoundError: freemarker/template/TemplateModelException
at testpkg.FinalTestClass.launchBrowser(FinalTestClass.java:44)
Caused by: java.lang.ClassNotFoundException: freemarker.template.TemplateModelException
at java.net.URLClassLoader.findClass(URLClassLoader.java:382)
at java.lang.ClassLoader.loadClass(ClassLoader.java:418)
at sun.misc.Launcher$AppClassLoader.loadClass(Launcher.java:355)
at java.lang.ClassLoader.loadClass(ClassLoader.java:351)
... 25 more
... Removed 24 stack frames]]>
    </failure>
  </testcase> <!-- @BeforeTest launchBrowser -->
  <testcase name="@BeforeClass createpomClassObject" time="-1.679122273908E9" classname="testpkg.FinalTestClass">
    <skipped/>
  </testcase> <!-- @BeforeClass createpomClassObject -->
  <testcase name="@BeforeMethod videoPage" time="-1.679122273945E9" classname="testpkg.FinalTestClass">
    <skipped/>
  </testcase> <!-- @BeforeMethod videoPage -->
  <testcase name="@AfterMethod applicationlogout" time="-1.679122273968E9" classname="testpkg.FinalTestClass">
    <skipped/>
  </testcase> <!-- @AfterMethod applicationlogout -->
  <testcase name="@AfterClass clearObject" time="-1.679122273991E9" classname="testpkg.FinalTestClass">
    <skipped/>
  </testcase> <!-- @AfterClass clearObject -->
  <testcase name="clickonVideoTAb" time="0.0" classname="testpkg.FinalTestClass">
    <skipped/>
  </testcase> <!-- clickonVideoTAb -->
</testsuite> <!-- ChromeTest -->
