<?xml version="1.0" encoding="UTF-8"?>
<!-- Generated by org.testng.reporters.JUnitXMLReporter -->
<testsuite hostname="DESKTOP-DIKF5R3" ignored="0" name="Test" tests="1" failures="0" timestamp="2023-03-08T17:35:13 IST" time="0.131" errors="0">
  <testcase name="@BeforeTest launchBrowser" time="-1.678277113758E9" classname="testpkg.FinalTestClass">
    <failure type="org.testng.TestNGException" message="
Parameter &amp;apos;browser&amp;apos; is required by BeforeTest on method launchBrowser but has not been marked @Optional or defined
in C:\Users\hp\eclipse-workspaceNeww\Uk\testng.xml">
      <![CDATA[org.testng.TestNGException: 
Parameter 'browser' is required by BeforeTest on method launchBrowser but has not been marked @Optional or defined
in C:\Users\hp\eclipse-workspaceNeww\Uk\testng.xml
... Removed 21 stack frames]]>
    </failure>
  </testcase> <!-- @BeforeTest launchBrowser -->
  <testcase name="@BeforeClass createpomClassObject" time="-1.678277113801E9" classname="testpkg.FinalTestClass">
    <skipped/>
  </testcase> <!-- @BeforeClass createpomClassObject -->
  <testcase name="@BeforeMethod videoPage" time="-1.678277113823E9" classname="testpkg.FinalTestClass">
    <skipped/>
  </testcase> <!-- @BeforeMethod videoPage -->
  <testcase name="@AfterMethod applicationlogout" time="-1.678277113849E9" classname="testpkg.FinalTestClass">
    <skipped/>
  </testcase> <!-- @AfterMethod applicationlogout -->
  <testcase name="@AfterClass clearObject" time="-1.678277113852E9" classname="testpkg.FinalTestClass">
    <skipped/>
  </testcase> <!-- @AfterClass clearObject -->
  <testcase name="@AfterTest closebrowser" time="-1.678277113873E9" classname="testpkg.FinalTestClass">
    <skipped/>
  </testcase> <!-- @AfterTest closebrowser -->
  <testcase name="clickonVideoTAb" time="0.0" classname="testpkg.FinalTestClass">
    <skipped/>
  </testcase> <!-- clickonVideoTAb -->
</testsuite> <!-- Test -->
